0 info it worked if it ends with ok
1 verbose cli [ '/usr/local/Cellar/node/0.10.26/bin/node',
1 verbose cli   '/usr/local/bin/npm',
1 verbose cli   'install',
1 verbose cli   'karma-Safari-launcher',
1 verbose cli   '--save-dev' ]
2 info using npm@1.4.3
3 info using node@v0.10.26
4 warn package.json emploidutemps@0.0.1 No description
5 warn package.json emploidutemps@0.0.1 No repository field.
6 warn package.json emploidutemps@0.0.1 No README data
7 warn package.json webserver@1.1.2 No repository field.
8 verbose readDependencies using package.json deps
9 verbose cache add [ 'karma-Safari-launcher', null ]
10 verbose cache add name=undefined spec="karma-Safari-launcher" args=["karma-Safari-launcher",null]
11 verbose parsed url { protocol: null,
11 verbose parsed url   slashes: null,
11 verbose parsed url   auth: null,
11 verbose parsed url   host: null,
11 verbose parsed url   port: null,
11 verbose parsed url   hostname: null,
11 verbose parsed url   hash: null,
11 verbose parsed url   search: null,
11 verbose parsed url   query: null,
11 verbose parsed url   pathname: 'karma-Safari-launcher',
11 verbose parsed url   path: 'karma-Safari-launcher',
11 verbose parsed url   href: 'karma-Safari-launcher' }
12 silly lockFile 7308686c-karma-Safari-launcher karma-Safari-launcher
13 verbose lock karma-Safari-launcher /Users/naneon/.npm/7308686c-karma-Safari-launcher.lock
14 silly lockFile 7308686c-karma-Safari-launcher karma-Safari-launcher
15 silly lockFile 7308686c-karma-Safari-launcher karma-Safari-launcher
16 verbose addNamed [ 'karma-Safari-launcher', '' ]
17 verbose addNamed [ null, '*' ]
18 silly lockFile 065535b5-karma-Safari-launcher karma-Safari-launcher@
19 verbose lock karma-Safari-launcher@ /Users/naneon/.npm/065535b5-karma-Safari-launcher.lock
20 silly addNameRange { name: 'karma-Safari-launcher', range: '*', hasData: false }
21 verbose url raw karma-Safari-launcher
22 verbose url resolving [ 'https://registry.npmjs.org/', './karma-Safari-launcher' ]
23 verbose url resolved https://registry.npmjs.org/karma-Safari-launcher
24 info trying registry request attempt 1 at 11:15:30
25 http GET https://registry.npmjs.org/karma-Safari-launcher
26 http 404 https://registry.npmjs.org/karma-Safari-launcher
27 silly registry.get cb [ 404,
27 silly registry.get   { date: 'Wed, 28 May 2014 09:15:30 GMT',
27 silly registry.get     server: 'CouchDB/1.5.0 (Erlang OTP/R14B04)',
27 silly registry.get     'content-type': 'application/json',
27 silly registry.get     via: '1.1 varnish',
27 silly registry.get     'cache-control': 'max-age=0',
27 silly registry.get     'content-length': '52',
27 silly registry.get     'accept-ranges': 'bytes',
27 silly registry.get     age: '0',
27 silly registry.get     'x-served-by': 'cache-v36-ASH, cache-fra1229-FRA',
27 silly registry.get     'x-cache': 'MISS, MISS',
27 silly registry.get     'x-cache-hits': '0, 0',
27 silly registry.get     'x-timer': 'S1401268530.651224,VS0,VE187',
27 silly registry.get     'keep-alive': 'timeout=10, max=50',
27 silly registry.get     connection: 'Keep-Alive' } ]
28 silly lockFile 065535b5-karma-Safari-launcher karma-Safari-launcher@
29 silly lockFile 065535b5-karma-Safari-launcher karma-Safari-launcher@
30 error 404 'karma-Safari-launcher' is not in the npm registry.
30 error 404 You should bug the author to publish it
30 error 404 It was specified as a dependency of 'emploidutemps'
30 error 404
30 error 404 Note that you can also install from a
30 error 404 tarball, folder, or http url, or git url.
31 error System Darwin 13.2.0
32 error command "/usr/local/Cellar/node/0.10.26/bin/node" "/usr/local/bin/npm" "install" "karma-Safari-launcher" "--save-dev"
33 error cwd /Users/naneon/WebstormProjects/Emploi-Du-Temps
34 error node -v v0.10.26
35 error npm -v 1.4.3
36 error code E404
37 verbose exit [ 1, true ]
